0 info it worked if it ends with ok
1 verbose cli [ 'C:\\Program Files\\nodejs\\\\node.exe',
1 verbose cli   'C:\\Program Files\\nodejs\\node_modules\\npm\\bin\\npm-cli.js',
1 verbose cli   'repo',
1 verbose cli   'js-loader' ]
2 info using npm@2.5.1
3 info using node@v0.12.0
4 verbose node symlink C:\Program Files\nodejs\\node.exe
5 silly mapToRegistry name js-loader
6 silly mapToRegistry using default registry
7 silly mapToRegistry registry https://registry.npmjs.org/
8 silly mapToRegistry uri https://registry.npmjs.org/js-loader
9 verbose request uri https://registry.npmjs.org/js-loader/latest
10 verbose request no auth needed
11 info attempt registry request try #1 at 01:32:49
12 verbose request id fe48d511b3c028d9
13 http request GET https://registry.npmjs.org/js-loader/latest
14 http 200 https://registry.npmjs.org/js-loader/latest
15 silly get cb [ 200,
15 silly get   { server: 'CouchDB/1.5.0 (Erlang OTP/R16B03)',
15 silly get     etag: '"11IV5C2GSEXPJ17PHVI2404M"',
15 silly get     'content-type': 'application/json',
15 silly get     'cache-control': 'max-age=60',
15 silly get     'content-length': '819',
15 silly get     'accept-ranges': 'bytes',
15 silly get     date: 'Sat, 21 Nov 2015 17:32:49 GMT',
15 silly get     via: '1.1 varnish',
15 silly get     age: '0',
15 silly get     connection: 'keep-alive',
15 silly get     'x-served-by': 'cache-ams4127-AMS',
15 silly get     'x-cache': 'MISS',
15 silly get     'x-cache-hits': '0',
15 silly get     'x-timer': 'S1448127169.426980,VS0,VE407',
15 silly get     vary: 'Accept' } ]
16 verbose get saving js-loader to C:\Users\art\AppData\Roaming\npm-cache\registry.npmjs.org\js-loader\latest\.cache.json
17 verbose stack Error: no repository: could not get url
17 verbose stack     at getUrlAndOpen (C:\Program Files\nodejs\node_modules\npm\lib\repo.js:54:15)
17 verbose stack     at C:\Program Files\nodejs\node_modules\npm\lib\repo.js:64:7
17 verbose stack     at saved (C:\Program Files\nodejs\node_modules\npm\lib\cache\caching-client.js:173:7)
17 verbose stack     at FSReqWrap.oncomplete (fs.js:99:15)
18 verbose cwd C:\Users\art\WebstormProjects\test
19 error Windows_NT 6.3.9600
20 error argv "C:\\Program Files\\nodejs\\\\node.exe" "C:\\Program Files\\nodejs\\node_modules\\npm\\bin\\npm-cli.js" "repo" "js-loader"
21 error node v0.12.0
22 error npm  v2.5.1
23 error no repository: could not get url
24 error If you need help, you may report this error at:
24 error     <http://github.com/npm/npm/issues>
25 verbose exit [ 1, true ]
